<?xml version="1.0" encoding="UTF-8"?>
<!-- Generated by org.testng.reporters.JUnitReportReporter -->
<testsuite skipped="0" hostname="DESKTOP-JV0LFSR" name="com.Trello.Configurations.SampleTest" tests="1" failures="0" timestamp="2022-07-18T10:05:53 IST" time="101.918" errors="1">
  <testcase name="loginTest" time="101.918" classname="com.Trello.Configurations.SampleTest">
    <error type="java.lang.StackOverflowError">
      <![CDATA[java.lang.StackOverflowError
at com.Trello.Utility.Listeners.onTestSuccess(Listeners.java:21)
at com.Trello.Utility.Listeners.onTestSuccess(Listeners.java:21)
at com.Trello.Utility.Listeners.onTestSuccess(Listeners.java:21)
at com.Trello.Utility.Listeners.onTestSuccess(Listeners.java:21)
at com.Trello.Utility.Listeners.onTestSuccess(Listeners.java:21)
at com.Trello.Utility.Listeners.onTestSuccess(Listeners.java:21)
at com.Trello.Utility.Listeners.onTestSuccess(Listeners.java:21)
at com.Trello.Utility.Listeners.onTestSuccess(Listeners.java:21)
at com.Trello.Utility.Listeners.onTestSuccess(Listeners.java:21)
at com.Trello.Utility.Listeners.onTestSuccess(Listeners.java:21)
at com.Trello.Utility.Listeners.onTestSuccess(Listeners.java:21)
at com.Trello.Utility.Listeners.onTestSuccess(Listeners.java:21)
at com.Trello.Utility.Listeners.onTestSuccess(Listeners.java:21)
at com.Trello.Utility.Listeners.onTestSuccess(Listeners.java:21)
at com.Trello.Utility.Listeners.onTestSuccess(Listeners.java:21)
at com.Trello.Utility.Listeners.onTestSuccess(Listeners.java:21)
at com.Trello.Utility.Listeners.onTestSuccess(Listeners.java:21)
at com.Trello.Utility.Listeners.onTestSuccess(Listeners.java:21)
at com.Trello.Utility.Listeners.onTestSuccess(Listeners.java:21)
at com.Trello.Utility.Listeners.onTestSuccess(Listeners.java:21)
at com.Trello.Utility.Listeners.onTestSuccess(Listeners.java:21)
at com.Trello.Utility.Listeners.onTestSuccess(Listeners.java:21)
at com.Trello.Utility.Listeners.onTestSuccess(Listeners.java:21)
at com.Trello.Utility.Listeners.onTestSuccess(Listeners.java:21)
at com.Trello.Utility.Listeners.onTestSuccess(Listeners.java:21)
at com.Trello.Utility.Listeners.onTestSuccess(Listeners.java:21)
at com.Trello.Utility.Listeners.onTestSuccess(Listeners.java:21)
at com.Trello.Utility.Listeners.onTestSuccess(Listeners.java:21)
at com.Trello.Utility.Listeners.onTestSuccess(Listeners.java:21)
at com.Trello.Utility.Listeners.onTestSuccess(Listeners.java:21)
at com.Trello.Utility.Listeners.onTestSuccess(Listeners.java:21)
at com.Trello.Utility.Listeners.onTestSuccess(Listeners.java:21)
at com.Trello.Utility.Listeners.onTestSuccess(Listeners.java:21)
at com.Trello.Utility.Listeners.onTestSuccess(Listeners.java:21)
at com.Trello.Utility.Listeners.onTestSuccess(Listeners.java:21)
at com.Trello.Utility.Listeners.onTestSuccess(Listeners.java:21)
at com.Trello.Utility.Listeners.onTestSuccess(Listeners.java:21)
at com.Trello.Utility.Listeners.onTestSuccess(Listeners.java:21)
at com.Trello.Utility.Listeners.onTestSuccess(Listeners.java:21)
at com.Trello.Utility.Listeners.onTestSuccess(Listeners.java:21)
at com.Trello.Utility.Listeners.onTestSuccess(Listeners.java:21)
at com.Trello.Utility.Listeners.onTestSuccess(Listeners.java:21)
at com.Trello.Utility.Listeners.onTestSuccess(Listeners.java:21)
at com.Trello.Utility.Listeners.onTestSuccess(Listeners.java:21)
at com.Trello.Utility.Listeners.onTestSuccess(Listeners.java:21)
at com.Trello.Utility.Listeners.onTestSuccess(Listeners.java:21)
at com.Trello.Utility.Listeners.onTestSuccess(Listeners.java:21)
at com.Trello.Utility.Listeners.onTestSuccess(Listeners.java:21)
at com.Trello.Utility.Listeners.onTestSuccess(Listeners.java:21)
at com.Trello.Utility.Listeners.onTestSuccess(Listeners.java:21)
at com.Trello.Utility.Listeners.onTestSuccess(Listeners.java:21)
at com.Trello.Utility.Listeners.onTestSuccess(Listeners.java:21)
at com.Trello.Utility.Listeners.onTestSuccess(Listeners.java:21)
at com.Trello.Utility.Listeners.onTestSuccess(Listeners.java:21)
at com.Trello.Utility.Listeners.onTestSuccess(Listeners.java:21)
at com.Trello.Utility.Listeners.onTestSuccess(Listeners.java:21)
at com.Trello.Utility.Listeners.onTestSuccess(Listeners.java:21)
at com.Trello.Utility.Listeners.onTestSuccess(Listeners.java:21)
at com.Trello.Utility.Listeners.onTestSuccess(Listeners.java:21)
at com.Trello.Utility.Listeners.onTestSuccess(Listeners.java:21)
at com.Trello.Utility.Listeners.onTestSuccess(Listeners.java:21)
at com.Trello.Utility.Listeners.onTestSuccess(Listeners.java:21)
at com.Trello.Utility.Listeners.onTestSuccess(Listeners.java:21)
at com.Trello.Utility.Listeners.onTestSuccess(Listeners.java:21)
at com.Trello.Utility.Listeners.onTestSuccess(Listeners.java:21)
at com.Trello.Utility.Listeners.onTestSuccess(Listeners.java:21)
at com.Trello.Utility.Listeners.onTestSuccess(Listeners.java:21)
at com.Trello.Utility.Listeners.onTestSuccess(Listeners.java:21)
at com.Trello.Utility.Listeners.onTestSuccess(Listeners.java:21)
at com.Trello.Utility.Listeners.onTestSuccess(Listeners.java:21)
at com.Trello.Utility.Listeners.onTestSuccess(Listeners.java:21)
at com.Trello.Utility.Listeners.onTestSuccess(Listeners.java:21)
at com.Trello.Utility.Listeners.onTestSuccess(Listeners.java:21)
at com.Trello.Utility.Listeners.onTestSuccess(Listeners.java:21)
at com.Trello.Utility.Listeners.onTestSuccess(Listeners.java:21)
at com.Trello.Utility.Listeners.onTestSuccess(Listeners.java:21)
at com.Trello.Utility.Listeners.onTestSuccess(Listeners.java:21)
at com.Trello.Utility.Listeners.onTestSuccess(Listeners.java:21)
at com.Trello.Utility.Listeners.onTestSuccess(Listeners.java:21)
at com.Trello.Utility.Listeners.onTestSuccess(Listeners.java:21)
at com.Trello.Utility.Listeners.onTestSuccess(Listeners.java:21)
at com.Trello.Utility.Listeners.onTestSuccess(Listeners.java:21)
at com.Trello.Utility.Listeners.onTestSuccess(Listeners.java:21)
at com.Trello.Utility.Listeners.onTestSuccess(Listeners.java:21)
at com.Trello.Utility.Listeners.onTestSuccess(Listeners.java:21)
at com.Trello.Utility.Listeners.onTestSuccess(Listeners.java:21)
at com.Trello.Utility.Listeners.onTestSuccess(Listeners.java:21)
at com.Trello.Utility.Listeners.onTestSuccess(Listeners.java:21)
at com.Trello.Utility.Listeners.onTestSuccess(Listeners.java:21)
at com.Trello.Utility.Listeners.onTestSuccess(Listeners.java:21)
at com.Trello.Utility.Listeners.onTestSuccess(Listeners.java:21)
at com.Trello.Utility.Listeners.onTestSuccess(Listeners.java:21)
at com.Trello.Utility.Listeners.onTestSuccess(Listeners.java:21)
at com.Trello.Utility.Listeners.onTestSuccess(Listeners.java:21)
at com.Trello.Utility.Listeners.onTestSuccess(Listeners.java:21)
at com.Trello.Utility.Listeners.onTestSuccess(Listeners.java:21)
at com.Trello.Utility.Listeners.onTestSuccess(Listeners.java:21)
at com.Trello.Utility.Listeners.onTestSuccess(Listeners.java:21)
at com.Trello.Utility.Listeners.onTestSuccess(Listeners.java:21)
at com.Trello.Utility.Listeners.onTestSuccess(Listeners.java:21)
at com.Trello.Utility.Listeners.onTestSuccess(Listeners.java:21)
at com.Trello.Utility.Listeners.onTestSuccess(Listeners.java:21)
at com.Trello.Utility.Listeners.onTestSuccess(Listeners.java:21)
at com.Trello.Utility.Listeners.onTestSuccess(Listeners.java:21)
at com.Trello.Utility.Listeners.onTestSuccess(Listeners.java:21)
at com.Trello.Utility.Listeners.onTestSuccess(Listeners.java:21)
at com.Trello.Utility.Listeners.onTestSuccess(Listeners.java:21)
at com.Trello.Utility.Listeners.onTestSuccess(Listeners.java:21)
at com.Trello.Utility.Listeners.onTestSuccess(Listeners.java:21)
at com.Trello.Utility.Listeners.onTestSuccess(Listeners.java:21)
at com.Trello.Utility.Listeners.onTestSuccess(Listeners.java:21)
at com.Trello.Utility.Listeners.onTestSuccess(Listeners.java:21)
at com.Trello.Utility.Listeners.onTestSuccess(Listeners.java:21)
at com.Trello.Utility.Listeners.onTestSuccess(Listeners.java:21)
at com.Trello.Utility.Listeners.onTestSuccess(Listeners.java:21)
at com.Trello.Utility.Listeners.onTestSuccess(Listeners.java:21)
at com.Trello.Utility.Listeners.onTestSuccess(Listeners.java:21)
at com.Trello.Utility.Listeners.onTestSuccess(Listeners.java:21)
at com.Trello.Utility.Listeners.onTestSuccess(Listeners.java:21)
at com.Trello.Utility.Listeners.onTestSuccess(Listeners.java:21)
at com.Trello.Utility.Listeners.onTestSuccess(Listeners.java:21)
at com.Trello.Utility.Listeners.onTestSuccess(Listeners.java:21)
at com.Trello.Utility.Listeners.onTestSuccess(Listeners.java:21)
at com.Trello.Utility.Listeners.onTestSuccess(Listeners.java:21)
at com.Trello.Utility.Listeners.onTestSuccess(Listeners.java:21)
at com.Trello.Utility.Listeners.onTestSuccess(Listeners.java:21)
at com.Trello.Utility.Listeners.onTestSuccess(Listeners.java:21)
at com.Trello.Utility.Listeners.onTestSuccess(Listeners.java:21)
at com.Trello.Utility.Listeners.onTestSuccess(Listeners.java:21)
at com.Trello.Utility.Listeners.onTestSuccess(Listeners.java:21)
at com.Trello.Utility.Listeners.onTestSuccess(Listeners.java:21)
at com.Trello.Utility.Listeners.onTestSuccess(Listeners.java:21)
at com.Trello.Utility.Listeners.onTestSuccess(Listeners.java:21)
at com.Trello.Utility.Listeners.onTestSuccess(Listeners.java:21)
at com.Trello.Utility.Listeners.onTestSuccess(Listeners.java:21)
at com.Trello.Utility.Listeners.onTestSuccess(Listeners.java:21)
at com.Trello.Utility.Listeners.onTestSuccess(Listeners.java:21)
at com.Trello.Utility.Listeners.onTestSuccess(Listeners.java:21)
at com.Trello.Utility.Listeners.onTestSuccess(Listeners.java:21)
at com.Trello.Utility.Listeners.onTestSuccess(Listeners.java:21)
at com.Trello.Utility.Listeners.onTestSuccess(Listeners.java:21)
at com.Trello.Utility.Listeners.onTestSuccess(Listeners.java:21)
at com.Trello.Utility.Listeners.onTestSuccess(Listeners.java:21)
at com.Trello.Utility.Listeners.onTestSuccess(Listeners.java:21)
at com.Trello.Utility.Listeners.onTestSuccess(Listeners.java:21)
at com.Trello.Utility.Listeners.onTestSuccess(Listeners.java:21)
at com.Trello.Utility.Listeners.onTestSuccess(Listeners.java:21)
at com.Trello.Utility.Listeners.onTestSuccess(Listeners.java:21)
at com.Trello.Utility.Listeners.onTestSuccess(Listeners.java:21)
at com.Trello.Utility.Listeners.onTestSuccess(Listeners.java:21)
at com.Trello.Utility.Listeners.onTestSuccess(Listeners.java:21)
at com.Trello.Utility.Listeners.onTestSuccess(Listeners.java:21)
at com.Trello.Utility.Listeners.onTestSuccess(Listeners.java:21)
at com.Trello.Utility.Listeners.onTestSuccess(Listeners.java:21)
at com.Trello.Utility.Listeners.onTestSuccess(Listeners.java:21)
at com.Trello.Utility.Listeners.onTestSuccess(Listeners.java:21)
at com.Trello.Utility.Listeners.onTestSuccess(Listeners.java:21)
at com.Trello.Utility.Listeners.onTestSuccess(Listeners.java:21)
at com.Trello.Utility.Listeners.onTestSuccess(Listeners.java:21)
at com.Trello.Utility.Listeners.onTestSuccess(Listeners.java:21)
at com.Trello.Utility.Listeners.onTestSuccess(Listeners.java:21)
at com.Trello.Utility.Listeners.onTestSuccess(Listeners.java:21)
at com.Trello.Utility.Listeners.onTestSuccess(Listeners.java:21)
at com.Trello.Utility.Listeners.onTestSuccess(Listeners.java:21)
at com.Trello.Utility.Listeners.onTestSuccess(Listeners.java:21)
at com.Trello.Utility.Listeners.onTestSuccess(Listeners.java:21)
at com.Trello.Utility.Listeners.onTestSuccess(Listeners.java:21)
at com.Trello.Utility.Listeners.onTestSuccess(Listeners.java:21)
at com.Trello.Utility.Listeners.onTestSuccess(Listeners.java:21)
at com.Trello.Utility.Listeners.onTestSuccess(Listeners.java:21)
at com.Trello.Utility.Listeners.onTestSuccess(Listeners.java:21)
at com.Trello.Utility.Listeners.onTestSuccess(Listeners.java:21)
at com.Trello.Utility.Listeners.onTestSuccess(Listeners.java:21)
at com.Trello.Utility.Listeners.onTestSuccess(Listeners.java:21)
at com.Trello.Utility.Listeners.onTestSuccess(Listeners.java:21)
at com.Trello.Utility.Listeners.onTestSuccess(Listeners.java:21)
at com.Trello.Utility.Listeners.onTestSuccess(Listeners.java:21)
at com.Trello.Utility.Listeners.onTestSuccess(Listeners.java:21)
at com.Trello.Utility.Listeners.onTestSuccess(Listeners.java:21)
at com.Trello.Utility.Listeners.onTestSuccess(Listeners.java:21)
at com.Trello.Utility.Listeners.onTestSuccess(Listeners.java:21)
at com.Trello.Utility.Listeners.onTestSuccess(Listeners.java:21)
at com.Trello.Utility.Listeners.onTestSuccess(Listeners.java:21)
at com.Trello.Utility.Listeners.onTestSuccess(Listeners.java:21)
at com.Trello.Utility.Listeners.onTestSuccess(Listeners.java:21)
at com.Trello.Utility.Listeners.onTestSuccess(Listeners.java:21)
at com.Trello.Utility.Listeners.onTestSuccess(Listeners.java:21)
at com.Trello.Utility.Listeners.onTestSuccess(Listeners.java:21)
at com.Trello.Utility.Listeners.onTestSuccess(Listeners.java:21)
at com.Trello.Utility.Listeners.onTestSuccess(Listeners.java:21)
at com.Trello.Utility.Listeners.onTestSuccess(Listeners.java:21)
at com.Trello.Utility.Listeners.onTestSuccess(Listeners.java:21)
at com.Trello.Utility.Listeners.onTestSuccess(Listeners.java:21)
at com.Trello.Utility.Listeners.onTestSuccess(Listeners.java:21)
at com.Trello.Utility.Listeners.onTestSuccess(Listeners.java:21)
at com.Trello.Utility.Listeners.onTestSuccess(Listeners.java:21)
at com.Trello.Utility.Listeners.onTestSuccess(Listeners.java:21)
at com.Trello.Utility.Listeners.onTestSuccess(Listeners.java:21)
at com.Trello.Utility.Listeners.onTestSuccess(Listeners.java:21)
at com.Trello.Utility.Listeners.onTestSuccess(Listeners.java:21)
at com.Trello.Utility.Listeners.onTestSuccess(Listeners.java:21)
at com.Trello.Utility.Listeners.onTestSuccess(Listeners.java:21)
at com.Trello.Utility.Listeners.onTestSuccess(Listeners.java:21)
at com.Trello.Utility.Listeners.onTestSuccess(Listeners.java:21)
at com.Trello.Utility.Listeners.onTestSuccess(Listeners.java:21)
at com.Trello.Utility.Listeners.onTestSuccess(Listeners.java:21)
at com.Trello.Utility.Listeners.onTestSuccess(Listeners.java:21)
at com.Trello.Utility.Listeners.onTestSuccess(Listeners.java:21)
at com.Trello.Utility.Listeners.onTestSuccess(Listeners.java:21)
at com.Trello.Utility.Listeners.onTestSuccess(Listeners.java:21)
at com.Trello.Utility.Listeners.onTestSuccess(Listeners.java:21)
at com.Trello.Utility.Listeners.onTestSuccess(Listeners.java:21)
at com.Trello.Utility.Listeners.onTestSuccess(Listeners.java:21)
at com.Trello.Utility.Listeners.onTestSuccess(Listeners.java:21)
at com.Trello.Utility.Listeners.onTestSuccess(Listeners.java:21)
at com.Trello.Utility.Listeners.onTestSuccess(Listeners.java:21)
at com.Trello.Utility.Listeners.onTestSuccess(Listeners.java:21)
at com.Trello.Utility.Listeners.onTestSuccess(Listeners.java:21)
at com.Trello.Utility.Listeners.onTestSuccess(Listeners.java:21)
at com.Trello.Utility.Listeners.onTestSuccess(Listeners.java:21)
at com.Trello.Utility.Listeners.onTestSuccess(Listeners.java:21)
at com.Trello.Utility.Listeners.onTestSuccess(Listeners.java:21)
at com.Trello.Utility.Listeners.onTestSuccess(Listeners.java:21)
at com.Trello.Utility.Listeners.onTestSuccess(Listeners.java:21)
at com.Trello.Utility.Listeners.onTestSuccess(Listeners.java:21)
at com.Trello.Utility.Listeners.onTestSuccess(Listeners.java:21)
at com.Trello.Utility.Listeners.onTestSuccess(Listeners.java:21)
at com.Trello.Utility.Listeners.onTestSuccess(Listeners.java:21)
at com.Trello.Utility.Listeners.onTestSuccess(Listeners.java:21)
at com.Trello.Utility.Listeners.onTestSuccess(Listeners.java:21)
at com.Trello.Utility.Listeners.onTestSuccess(Listeners.java:21)
at com.Trello.Utility.Listeners.onTestSuccess(Listeners.java:21)
at com.Trello.Utility.Listeners.onTestSuccess(Listeners.java:21)
at com.Trello.Utility.Listeners.onTestSuccess(Listeners.java:21)
at com.Trello.Utility.Listeners.onTestSuccess(Listeners.java:21)
at com.Trello.Utility.Listeners.onTestSuccess(Listeners.java:21)
at com.Trello.Utility.Listeners.onTestSuccess(Listeners.java:21)
at com.Trello.Utility.Listeners.onTestSuccess(Listeners.java:21)
at com.Trello.Utility.Listeners.onTestSuccess(Listeners.java:21)
at com.Trello.Utility.Listeners.onTestSuccess(Listeners.java:21)
at com.Trello.Utility.Listeners.onTestSuccess(Listeners.java:21)
at com.Trello.Utility.Listeners.onTestSuccess(Listeners.java:21)
at com.Trello.Utility.Listeners.onTestSuccess(Listeners.java:21)
at com.Trello.Utility.Listeners.onTestSuccess(Listeners.java:21)
at com.Trello.Utility.Listeners.onTestSuccess(Listeners.java:21)
at com.Trello.Utility.Listeners.onTestSuccess(Listeners.java:21)
at com.Trello.Utility.Listeners.onTestSuccess(Listeners.java:21)
at com.Trello.Utility.Listeners.onTestSuccess(Listeners.java:21)
at com.Trello.Utility.Listeners.onTestSuccess(Listeners.java:21)
at com.Trello.Utility.Listeners.onTestSuccess(Listeners.java:21)
at com.Trello.Utility.Listeners.onTestSuccess(Listeners.java:21)
at com.Trello.Utility.Listeners.onTestSuccess(Listeners.java:21)
at com.Trello.Utility.Listeners.onTestSuccess(Listeners.java:21)
at com.Trello.Utility.Listeners.onTestSuccess(Listeners.java:21)
at com.Trello.Utility.Listeners.onTestSuccess(Listeners.java:21)
at com.Trello.Utility.Listeners.onTestSuccess(Listeners.java:21)
at com.Trello.Utility.Listeners.onTestSuccess(Listeners.java:21)
at com.Trello.Utility.Listeners.onTestSuccess(Listeners.java:21)
at com.Trello.Utility.Listeners.onTestSuccess(Listeners.java:21)
at com.Trello.Utility.Listeners.onTestSuccess(Listeners.java:21)
at com.Trello.Utility.Listeners.onTestSuccess(Listeners.java:21)
at com.Trello.Utility.Listeners.onTestSuccess(Listeners.java:21)
at com.Trello.Utility.Listeners.onTestSuccess(Listeners.java:21)
at com.Trello.Utility.Listeners.onTestSuccess(Listeners.java:21)
at com.Trello.Utility.Listeners.onTestSuccess(Listeners.java:21)
at com.Trello.Utility.Listeners.onTestSuccess(Listeners.java:21)
at com.Trello.Utility.Listeners.onTestSuccess(Listeners.java:21)
at com.Trello.Utility.Listeners.onTestSuccess(Listeners.java:21)
at com.Trello.Utility.Listeners.onTestSuccess(Listeners.java:21)
at com.Trello.Utility.Listeners.onTestSuccess(Listeners.java:21)
at com.Trello.Utility.Listeners.onTestSuccess(Listeners.java:21)
at com.Trello.Utility.Listeners.onTestSuccess(Listeners.java:21)
at com.Trello.Utility.Listeners.onTestSuccess(Listeners.java:21)
at com.Trello.Utility.Listeners.onTestSuccess(Listeners.java:21)
at com.Trello.Utility.Listeners.onTestSuccess(Listeners.java:21)
at com.Trello.Utility.Listeners.onTestSuccess(Listeners.java:21)
at com.Trello.Utility.Listeners.onTestSuccess(Listeners.java:21)
at com.Trello.Utility.Listeners.onTestSuccess(Listeners.java:21)
at com.Trello.Utility.Listeners.onTestSuccess(Listeners.java:21)
at com.Trello.Utility.Listeners.onTestSuccess(Listeners.java:21)
at com.Trello.Utility.Listeners.onTestSuccess(Listeners.java:21)
at com.Trello.Utility.Listeners.onTestSuccess(Listeners.java:21)
at com.Trello.Utility.Listeners.onTestSuccess(Listeners.java:21)
at com.Trello.Utility.Listeners.onTestSuccess(Listeners.java:21)
at com.Trello.Utility.Listeners.onTestSuccess(Listeners.java:21)
at com.Trello.Utility.Listeners.onTestSuccess(Listeners.java:21)
at com.Trello.Utility.Listeners.onTestSuccess(Listeners.java:21)
at com.Trello.Utility.Listeners.onTestSuccess(Listeners.java:21)
at com.Trello.Utility.Listeners.onTestSuccess(Listeners.java:21)
at com.Trello.Utility.Listeners.onTestSuccess(Listeners.java:21)
at com.Trello.Utility.Listeners.onTestSuccess(Listeners.java:21)
at com.Trello.Utility.Listeners.onTestSuccess(Listeners.java:21)
at com.Trello.Utility.Listeners.onTestSuccess(Listeners.java:21)
at com.Trello.Utility.Listeners.onTestSuccess(Listeners.java:21)
at com.Trello.Utility.Listeners.onTestSuccess(Listeners.java:21)
at com.Trello.Utility.Listeners.onTestSuccess(Listeners.java:21)
at com.Trello.Utility.Listeners.onTestSuccess(Listeners.java:21)
at com.Trello.Utility.Listeners.onTestSuccess(Listeners.java:21)
at com.Trello.Utility.Listeners.onTestSuccess(Listeners.java:21)
at com.Trello.Utility.Listeners.onTestSuccess(Listeners.java:21)
at com.Trello.Utility.Listeners.onTestSuccess(Listeners.java:21)
at com.Trello.Utility.Listeners.onTestSuccess(Listeners.java:21)
at com.Trello.Utility.Listeners.onTestSuccess(Listeners.java:21)
at com.Trello.Utility.Listeners.onTestSuccess(Listeners.java:21)
at com.Trello.Utility.Listeners.onTestSuccess(Listeners.java:21)
at com.Trello.Utility.Listeners.onTestSuccess(Listeners.java:21)
at com.Trello.Utility.Listeners.onTestSuccess(Listeners.java:21)
at com.Trello.Utility.Listeners.onTestSuccess(Listeners.java:21)
at com.Trello.Utility.Listeners.onTestSuccess(Listeners.java:21)
at com.Trello.Utility.Listeners.onTestSuccess(Listeners.java:21)
at com.Trello.Utility.Listeners.onTestSuccess(Listeners.java:21)
at com.Trello.Utility.Listeners.onTestSuccess(Listeners.java:21)
at com.Trello.Utility.Listeners.onTestSuccess(Listeners.java:21)
at com.Trello.Utility.Listeners.onTestSuccess(Listeners.java:21)
at com.Trello.Utility.Listeners.onTestSuccess(Listeners.java:21)
at com.Trello.Utility.Listeners.onTestSuccess(Listeners.java:21)
at com.Trello.Utility.Listeners.onTestSuccess(Listeners.java:21)
at com.Trello.Utility.Listeners.onTestSuccess(Listeners.java:21)
at com.Trello.Utility.Listeners.onTestSuccess(Listeners.java:21)
at com.Trello.Utility.Listeners.onTestSuccess(Listeners.java:21)
at com.Trello.Utility.Listeners.onTestSuccess(Listeners.java:21)
at com.Trello.Utility.Listeners.onTestSuccess(Listeners.java:21)
at com.Trello.Utility.Listeners.onTestSuccess(Listeners.java:21)
at com.Trello.Utility.Listeners.onTestSuccess(Listeners.java:21)
at com.Trello.Utility.Listeners.onTestSuccess(Listeners.java:21)
at com.Trello.Utility.Listeners.onTestSuccess(Listeners.java:21)
at com.Trello.Utility.Listeners.onTestSuccess(Listeners.java:21)
at com.Trello.Utility.Listeners.onTestSuccess(Listeners.java:21)
at com.Trello.Utility.Listeners.onTestSuccess(Listeners.java:21)
at com.Trello.Utility.Listeners.onTestSuccess(Listeners.java:21)
at com.Trello.Utility.Listeners.onTestSuccess(Listeners.java:21)
at com.Trello.Utility.Listeners.onTestSuccess(Listeners.java:21)
at com.Trello.Utility.Listeners.onTestSuccess(Listeners.java:21)
at com.Trello.Utility.Listeners.onTestSuccess(Listeners.java:21)
at com.Trello.Utility.Listeners.onTestSuccess(Listeners.java:21)
at com.Trello.Utility.Listeners.onTestSuccess(Listeners.java:21)
at com.Trello.Utility.Listeners.onTestSuccess(Listeners.java:21)
at com.Trello.Utility.Listeners.onTestSuccess(Listeners.java:21)
at com.Trello.Utility.Listeners.onTestSuccess(Listeners.java:21)
at com.Trello.Utility.Listeners.onTestSuccess(Listeners.java:21)
at com.Trello.Utility.Listeners.onTestSuccess(Listeners.java:21)
at com.Trello.Utility.Listeners.onTestSuccess(Listeners.java:21)
at com.Trello.Utility.Listeners.onTestSuccess(Listeners.java:21)
at com.Trello.Utility.Listeners.onTestSuccess(Listeners.java:21)
at com.Trello.Utility.Listeners.onTestSuccess(Listeners.java:21)
at com.Trello.Utility.Listeners.onTestSuccess(Listeners.java:21)
at com.Trello.Utility.Listeners.onTestSuccess(Listeners.java:21)
at com.Trello.Utility.Listeners.onTestSuccess(Listeners.java:21)
at com.Trello.Utility.Listeners.onTestSuccess(Listeners.java:21)
at com.Trello.Utility.Listeners.onTestSuccess(Listeners.java:21)
at com.Trello.Utility.Listeners.onTestSuccess(Listeners.java:21)
at com.Trello.Utility.Listeners.onTestSuccess(Listeners.java:21)
at com.Trello.Utility.Listeners.onTestSuccess(Listeners.java:21)
at com.Trello.Utility.Listeners.onTestSuccess(Listeners.java:21)
at com.Trello.Utility.Listeners.onTestSuccess(Listeners.java:21)
at com.Trello.Utility.Listeners.onTestSuccess(Listeners.java:21)
at com.Trello.Utility.Listeners.onTestSuccess(Listeners.java:21)
at com.Trello.Utility.Listeners.onTestSuccess(Listeners.java:21)
at com.Trello.Utility.Listeners.onTestSuccess(Listeners.java:21)
at com.Trello.Utility.Listeners.onTestSuccess(Listeners.java:21)
at com.Trello.Utility.Listeners.onTestSuccess(Listeners.java:21)
at com.Trello.Utility.Listeners.onTestSuccess(Listeners.java:21)
at com.Trello.Utility.Listeners.onTestSuccess(Listeners.java:21)
at com.Trello.Utility.Listeners.onTestSuccess(Listeners.java:21)
at com.Trello.Utility.Listeners.onTestSuccess(Listeners.java:21)
at com.Trello.Utility.Listeners.onTestSuccess(Listeners.java:21)
at com.Trello.Utility.Listeners.onTestSuccess(Listeners.java:21)
at com.Trello.Utility.Listeners.onTestSuccess(Listeners.java:21)
at com.Trello.Utility.Listeners.onTestSuccess(Listeners.java:21)
at com.Trello.Utility.Listeners.onTestSuccess(Listeners.java:21)
at com.Trello.Utility.Listeners.onTestSuccess(Listeners.java:21)
at com.Trello.Utility.Listeners.onTestSuccess(Listeners.java:21)
at com.Trello.Utility.Listeners.onTestSuccess(Listeners.java:21)
at com.Trello.Utility.Listeners.onTestSuccess(Listeners.java:21)
at com.Trello.Utility.Listeners.onTestSuccess(Listeners.java:21)
at com.Trello.Utility.Listeners.onTestSuccess(Listeners.java:21)
at com.Trello.Utility.Listeners.onTestSuccess(Listeners.java:21)
at com.Trello.Utility.Listeners.onTestSuccess(Listeners.java:21)
at com.Trello.Utility.Listeners.onTestSuccess(Listeners.java:21)
at com.Trello.Utility.Listeners.onTestSuccess(Listeners.java:21)
at com.Trello.Utility.Listeners.onTestSuccess(Listeners.java:21)
at com.Trello.Utility.Listeners.onTestSuccess(Listeners.java:21)
at com.Trello.Utility.Listeners.onTestSuccess(Listeners.java:21)
at com.Trello.Utility.Listeners.onTestSuccess(Listeners.java:21)
at com.Trello.Utility.Listeners.onTestSuccess(Listeners.java:21)
at com.Trello.Utility.Listeners.onTestSuccess(Listeners.java:21)
at com.Trello.Utility.Listeners.onTestSuccess(Listeners.java:21)
at com.Trello.Utility.Listeners.onTestSuccess(Listeners.java:21)
at com.Trello.Utility.Listeners.onTestSuccess(Listeners.java:21)
at com.Trello.Utility.Listeners.onTestSuccess(Listeners.java:21)
at com.Trello.Utility.Listeners.onTestSuccess(Listeners.java:21)
at com.Trello.Utility.Listeners.onTestSuccess(Listeners.java:21)
at com.Trello.Utility.Listeners.onTestSuccess(Listeners.java:21)
at com.Trello.Utility.Listeners.onTestSuccess(Listeners.java:21)
at com.Trello.Utility.Listeners.onTestSuccess(Listeners.java:21)
at com.Trello.Utility.Listeners.onTestSuccess(Listeners.java:21)
at com.Trello.Utility.Listeners.onTestSuccess(Listeners.java:21)
at com.Trello.Utility.Listeners.onTestSuccess(Listeners.java:21)
at com.Trello.Utility.Listeners.onTestSuccess(Listeners.java:21)
at com.Trello.Utility.Listeners.onTestSuccess(Listeners.java:21)
at com.Trello.Utility.Listeners.onTestSuccess(Listeners.java:21)
at com.Trello.Utility.Listeners.onTestSuccess(Listeners.java:21)
at com.Trello.Utility.Listeners.onTestSuccess(Listeners.java:21)
at com.Trello.Utility.Listeners.onTestSuccess(Listeners.java:21)
at com.Trello.Utility.Listeners.onTestSuccess(Listeners.java:21)
at com.Trello.Utility.Listeners.onTestSuccess(Listeners.java:21)
at com.Trello.Utility.Listeners.onTestSuccess(Listeners.java:21)
at com.Trello.Utility.Listeners.onTestSuccess(Listeners.java:21)
at com.Trello.Utility.Listeners.onTestSuccess(Listeners.java:21)
at com.Trello.Utility.Listeners.onTestSuccess(Listeners.java:21)
at com.Trello.Utility.Listeners.onTestSuccess(Listeners.java:21)
at com.Trello.Utility.Listeners.onTestSuccess(Listeners.java:21)
at com.Trello.Utility.Listeners.onTestSuccess(Listeners.java:21)
at com.Trello.Utility.Listeners.onTestSuccess(Listeners.java:21)
at com.Trello.Utility.Listeners.onTestSuccess(Listeners.java:21)
at com.Trello.Utility.Listeners.onTestSuccess(Listeners.java:21)
at com.Trello.Utility.Listeners.onTestSuccess(Listeners.java:21)
at com.Trello.Utility.Listeners.onTestSuccess(Listeners.java:21)
at com.Trello.Utility.Listeners.onTestSuccess(Listeners.java:21)
at com.Trello.Utility.Listeners.onTestSuccess(Listeners.java:21)
at com.Trello.Utility.Listeners.onTestSuccess(Listeners.java:21)
at com.Trello.Utility.Listeners.onTestSuccess(Listeners.java:21)
at com.Trello.Utility.Listeners.onTestSuccess(Listeners.java:21)
at com.Trello.Utility.Listeners.onTestSuccess(Listeners.java:21)
at com.Trello.Utility.Listeners.onTestSuccess(Listeners.java:21)
at com.Trello.Utility.Listeners.onTestSuccess(Listeners.java:21)
at com.Trello.Utility.Listeners.onTestSuccess(Listeners.java:21)
at com.Trello.Utility.Listeners.onTestSuccess(Listeners.java:21)
at com.Trello.Utility.Listeners.onTestSuccess(Listeners.java:21)
at com.Trello.Utility.Listeners.onTestSuccess(Listeners.java:21)
at com.Trello.Utility.Listeners.onTestSuccess(Listeners.java:21)
at com.Trello.Utility.Listeners.onTestSuccess(Listeners.java:21)
at com.Trello.Utility.Listeners.onTestSuccess(Listeners.java:21)
at com.Trello.Utility.Listeners.onTestSuccess(Listeners.java:21)
at com.Trello.Utility.Listeners.onTestSuccess(Listeners.java:21)
at com.Trello.Utility.Listeners.onTestSuccess(Listeners.java:21)
at com.Trello.Utility.Listeners.onTestSuccess(Listeners.java:21)
at com.Trello.Utility.Listeners.onTestSuccess(Listeners.java:21)
at com.Trello.Utility.Listeners.onTestSuccess(Listeners.java:21)
at com.Trello.Utility.Listeners.onTestSuccess(Listeners.java:21)
at com.Trello.Utility.Listeners.onTestSuccess(Listeners.java:21)
at com.Trello.Utility.Listeners.onTestSuccess(Listeners.java:21)
at com.Trello.Utility.Listeners.onTestSuccess(Listeners.java:21)
at com.Trello.Utility.Listeners.onTestSuccess(Listeners.java:21)
at com.Trello.Utility.Listeners.onTestSuccess(Listeners.java:21)
at com.Trello.Utility.Listeners.onTestSuccess(Listeners.java:21)
at com.Trello.Utility.Listeners.onTestSuccess(Listeners.java:21)
at com.Trello.Utility.Listeners.onTestSuccess(Listeners.java:21)
at com.Trello.Utility.Listeners.onTestSuccess(Listeners.java:21)
at com.Trello.Utility.Listeners.onTestSuccess(Listeners.java:21)
at com.Trello.Utility.Listeners.onTestSuccess(Listeners.java:21)
at com.Trello.Utility.Listeners.onTestSuccess(Listeners.java:21)
at com.Trello.Utility.Listeners.onTestSuccess(Listeners.java:21)
at com.Trello.Utility.Listeners.onTestSuccess(Listeners.java:21)
at com.Trello.Utility.Listeners.onTestSuccess(Listeners.java:21)
at com.Trello.Utility.Listeners.onTestSuccess(Listeners.java:21)
at com.Trello.Utility.Listeners.onTestSuccess(Listeners.java:21)
at com.Trello.Utility.Listeners.onTestSuccess(Listeners.java:21)
at com.Trello.Utility.Listeners.onTestSuccess(Listeners.java:21)
at com.Trello.Utility.Listeners.onTestSuccess(Listeners.java:21)
at com.Trello.Utility.Listeners.onTestSuccess(Listeners.java:21)
at com.Trello.Utility.Listeners.onTestSuccess(Listeners.java:21)
at com.Trello.Utility.Listeners.onTestSuccess(Listeners.java:21)
at com.Trello.Utility.Listeners.onTestSuccess(Listeners.java:21)
at com.Trello.Utility.Listeners.onTestSuccess(Listeners.java:21)
at com.Trello.Utility.Listeners.onTestSuccess(Listeners.java:21)
at com.Trello.Utility.Listeners.onTestSuccess(Listeners.java:21)
at com.Trello.Utility.Listeners.onTestSuccess(Listeners.java:21)
at com.Trello.Utility.Listeners.onTestSuccess(Listeners.java:21)
at com.Trello.Utility.Listeners.onTestSuccess(Listeners.java:21)
at com.Trello.Utility.Listeners.onTestSuccess(Listeners.java:21)
at com.Trello.Utility.Listeners.onTestSuccess(Listeners.java:21)
at com.Trello.Utility.Listeners.onTestSuccess(Listeners.java:21)
at com.Trello.Utility.Listeners.onTestSuccess(Listeners.java:21)
at com.Trello.Utility.Listeners.onTestSuccess(Listeners.java:21)
at com.Trello.Utility.Listeners.onTestSuccess(Listeners.java:21)
at com.Trello.Utility.Listeners.onTestSuccess(Listeners.java:21)
at com.Trello.Utility.Listeners.onTestSuccess(Listeners.java:21)
at com.Trello.Utility.Listeners.onTestSuccess(Listeners.java:21)
at com.Trello.Utility.Listeners.onTestSuccess(Listeners.java:21)
at com.Trello.Utility.Listeners.onTestSuccess(Listeners.java:21)
at com.Trello.Utility.Listeners.onTestSuccess(Listeners.java:21)
at com.Trello.Utility.Listeners.onTestSuccess(Listeners.java:21)
at com.Trello.Utility.Listeners.onTestSuccess(Listeners.java:21)
at com.Trello.Utility.Listeners.onTestSuccess(Listeners.java:21)
at com.Trello.Utility.Listeners.onTestSuccess(Listeners.java:21)
at com.Trello.Utility.Listeners.onTestSuccess(Listeners.java:21)
at com.Trello.Utility.Listeners.onTestSuccess(Listeners.java:21)
at com.Trello.Utility.Listeners.onTestSuccess(Listeners.java:21)
at com.Trello.Utility.Listeners.onTestSuccess(Listeners.java:21)
at com.Trello.Utility.Listeners.onTestSuccess(Listeners.java:21)
at com.Trello.Utility.Listeners.onTestSuccess(Listeners.java:21)
at com.Trello.Utility.Listeners.onTestSuccess(Listeners.java:21)
at com.Trello.Utility.Listeners.onTestSuccess(Listeners.java:21)
at com.Trello.Utility.Listeners.onTestSuccess(Listeners.java:21)
at com.Trello.Utility.Listeners.onTestSuccess(Listeners.java:21)
at com.Trello.Utility.Listeners.onTestSuccess(Listeners.java:21)
at com.Trello.Utility.Listeners.onTestSuccess(Listeners.java:21)
at com.Trello.Utility.Listeners.onTestSuccess(Listeners.java:21)
at com.Trello.Utility.Listeners.onTestSuccess(Listeners.java:21)
at com.Trello.Utility.Listeners.onTestSuccess(Listeners.java:21)
at com.Trello.Utility.Listeners.onTestSuccess(Listeners.java:21)
at com.Trello.Utility.Listeners.onTestSuccess(Listeners.java:21)
at com.Trello.Utility.Listeners.onTestSuccess(Listeners.java:21)
at com.Trello.Utility.Listeners.onTestSuccess(Listeners.java:21)
at com.Trello.Utility.Listeners.onTestSuccess(Listeners.java:21)
at com.Trello.Utility.Listeners.onTestSuccess(Listeners.java:21)
at com.Trello.Utility.Listeners.onTestSuccess(Listeners.java:21)
at com.Trello.Utility.Listeners.onTestSuccess(Listeners.java:21)
at com.Trello.Utility.Listeners.onTestSuccess(Listeners.java:21)
at com.Trello.Utility.Listeners.onTestSuccess(Listeners.java:21)
at com.Trello.Utility.Listeners.onTestSuccess(Listeners.java:21)
at com.Trello.Utility.Listeners.onTestSuccess(Listeners.java:21)
at com.Trello.Utility.Listeners.onTestSuccess(Listeners.java:21)
at com.Trello.Utility.Listeners.onTestSuccess(Listeners.java:21)
at com.Trello.Utility.Listeners.onTestSuccess(Listeners.java:21)
at com.Trello.Utility.Listeners.onTestSuccess(Listeners.java:21)
at com.Trello.Utility.Listeners.onTestSuccess(Listeners.java:21)
at com.Trello.Utility.Listeners.onTestSuccess(Listeners.java:21)
at com.Trello.Utility.Listeners.onTestSuccess(Listeners.java:21)
at com.Trello.Utility.Listeners.onTestSuccess(Listeners.java:21)
at com.Trello.Utility.Listeners.onTestSuccess(Listeners.java:21)
at com.Trello.Utility.Listeners.onTestSuccess(Listeners.java:21)
at com.Trello.Utility.Listeners.onTestSuccess(Listeners.java:21)
at com.Trello.Utility.Listeners.onTestSuccess(Listeners.java:21)
at com.Trello.Utility.Listeners.onTestSuccess(Listeners.java:21)
at com.Trello.Utility.Listeners.onTestSuccess(Listeners.java:21)
at com.Trello.Utility.Listeners.onTestSuccess(Listeners.java:21)
at com.Trello.Utility.Listeners.onTestSuccess(Listeners.java:21)
at com.Trello.Utility.Listeners.onTestSuccess(Listeners.java:21)
at com.Trello.Utility.Listeners.onTestSuccess(Listeners.java:21)
at com.Trello.Utility.Listeners.onTestSuccess(Listeners.java:21)
at com.Trello.Utility.Listeners.onTestSuccess(Listeners.java:21)
at com.Trello.Utility.Listeners.onTestSuccess(Listeners.java:21)
at com.Trello.Utility.Listeners.onTestSuccess(Listeners.java:21)
at com.Trello.Utility.Listeners.onTestSuccess(Listeners.java:21)
at com.Trello.Utility.Listeners.onTestSuccess(Listeners.java:21)
at com.Trello.Utility.Listeners.onTestSuccess(Listeners.java:21)
at com.Trello.Utility.Listeners.onTestSuccess(Listeners.java:21)
at com.Trello.Utility.Listeners.onTestSuccess(Listeners.java:21)
at com.Trello.Utility.Listeners.onTestSuccess(Listeners.java:21)
at com.Trello.Utility.Listeners.onTestSuccess(Listeners.java:21)
at com.Trello.Utility.Listeners.onTestSuccess(Listeners.java:21)
at com.Trello.Utility.Listeners.onTestSuccess(Listeners.java:21)
at com.Trello.Utility.Listeners.onTestSuccess(Listeners.java:21)
at com.Trello.Utility.Listeners.onTestSuccess(Listeners.java:21)
at com.Trello.Utility.Listeners.onTestSuccess(Listeners.java:21)
at com.Trello.Utility.Listeners.onTestSuccess(Listeners.java:21)
at com.Trello.Utility.Listeners.onTestSuccess(Listeners.java:21)
at com.Trello.Utility.Listeners.onTestSuccess(Listeners.java:21)
at com.Trello.Utility.Listeners.onTestSuccess(Listeners.java:21)
at com.Trello.Utility.Listeners.onTestSuccess(Listeners.java:21)
at com.Trello.Utility.Listeners.onTestSuccess(Listeners.java:21)
at com.Trello.Utility.Listeners.onTestSuccess(Listeners.java:21)
at com.Trello.Utility.Listeners.onTestSuccess(Listeners.java:21)
at com.Trello.Utility.Listeners.onTestSuccess(Listeners.java:21)
at com.Trello.Utility.Listeners.onTestSuccess(Listeners.java:21)
at com.Trello.Utility.Listeners.onTestSuccess(Listeners.java:21)
at com.Trello.Utility.Listeners.onTestSuccess(Listeners.java:21)
at com.Trello.Utility.Listeners.onTestSuccess(Listeners.java:21)
at com.Trello.Utility.Listeners.onTestSuccess(Listeners.java:21)
at com.Trello.Utility.Listeners.onTestSuccess(Listeners.java:21)
at com.Trello.Utility.Listeners.onTestSuccess(Listeners.java:21)
at com.Trello.Utility.Listeners.onTestSuccess(Listeners.java:21)
at com.Trello.Utility.Listeners.onTestSuccess(Listeners.java:21)
at com.Trello.Utility.Listeners.onTestSuccess(Listeners.java:21)
at com.Trello.Utility.Listeners.onTestSuccess(Listeners.java:21)
at com.Trello.Utility.Listeners.onTestSuccess(Listeners.java:21)
at com.Trello.Utility.Listeners.onTestSuccess(Listeners.java:21)
at com.Trello.Utility.Listeners.onTestSuccess(Listeners.java:21)
at com.Trello.Utility.Listeners.onTestSuccess(Listeners.java:21)
at com.Trello.Utility.Listeners.onTestSuccess(Listeners.java:21)
at com.Trello.Utility.Listeners.onTestSuccess(Listeners.java:21)
at com.Trello.Utility.Listeners.onTestSuccess(Listeners.java:21)
at com.Trello.Utility.Listeners.onTestSuccess(Listeners.java:21)
at com.Trello.Utility.Listeners.onTestSuccess(Listeners.java:21)
at com.Trello.Utility.Listeners.onTestSuccess(Listeners.java:21)
at com.Trello.Utility.Listeners.onTestSuccess(Listeners.java:21)
at com.Trello.Utility.Listeners.onTestSuccess(Listeners.java:21)
at com.Trello.Utility.Listeners.onTestSuccess(Listeners.java:21)
at com.Trello.Utility.Listeners.onTestSuccess(Listeners.java:21)
at com.Trello.Utility.Listeners.onTestSuccess(Listeners.java:21)
at com.Trello.Utility.Listeners.onTestSuccess(Listeners.java:21)
at com.Trello.Utility.Listeners.onTestSuccess(Listeners.java:21)
at com.Trello.Utility.Listeners.onTestSuccess(Listeners.java:21)
at com.Trello.Utility.Listeners.onTestSuccess(Listeners.java:21)
at com.Trello.Utility.Listeners.onTestSuccess(Listeners.java:21)
at com.Trello.Utility.Listeners.onTestSuccess(Listeners.java:21)
at com.Trello.Utility.Listeners.onTestSuccess(Listeners.java:21)
at com.Trello.Utility.Listeners.onTestSuccess(Listeners.java:21)
at com.Trello.Utility.Listeners.onTestSuccess(Listeners.java:21)
at com.Trello.Utility.Listeners.onTestSuccess(Listeners.java:21)
at com.Trello.Utility.Listeners.onTestSuccess(Listeners.java:21)
at com.Trello.Utility.Listeners.onTestSuccess(Listeners.java:21)
at com.Trello.Utility.Listeners.onTestSuccess(Listeners.java:21)
at com.Trello.Utility.Listeners.onTestSuccess(Listeners.java:21)
at com.Trello.Utility.Listeners.onTestSuccess(Listeners.java:21)
at com.Trello.Utility.Listeners.onTestSuccess(Listeners.java:21)
at com.Trello.Utility.Listeners.onTestSuccess(Listeners.java:21)
at com.Trello.Utility.Listeners.onTestSuccess(Listeners.java:21)
at com.Trello.Utility.Listeners.onTestSuccess(Listeners.java:21)
at com.Trello.Utility.Listeners.onTestSuccess(Listeners.java:21)
at com.Trello.Utility.Listeners.onTestSuccess(Listeners.java:21)
at com.Trello.Utility.Listeners.onTestSuccess(Listeners.java:21)
at com.Trello.Utility.Listeners.onTestSuccess(Listeners.java:21)
at com.Trello.Utility.Listeners.onTestSuccess(Listeners.java:21)
at com.Trello.Utility.Listeners.onTestSuccess(Listeners.java:21)
at com.Trello.Utility.Listeners.onTestSuccess(Listeners.java:21)
at com.Trello.Utility.Listeners.onTestSuccess(Listeners.java:21)
at com.Trello.Utility.Listeners.onTestSuccess(Listeners.java:21)
at com.Trello.Utility.Listeners.onTestSuccess(Listeners.java:21)
at com.Trello.Utility.Listeners.onTestSuccess(Listeners.java:21)
at com.Trello.Utility.Listeners.onTestSuccess(Listeners.java:21)
at com.Trello.Utility.Listeners.onTestSuccess(Listeners.java:21)
at com.Trello.Utility.Listeners.onTestSuccess(Listeners.java:21)
at com.Trello.Utility.Listeners.onTestSuccess(Listeners.java:21)
at com.Trello.Utility.Listeners.onTestSuccess(Listeners.java:21)
at com.Trello.Utility.Listeners.onTestSuccess(Listeners.java:21)
at com.Trello.Utility.Listeners.onTestSuccess(Listeners.java:21)
at com.Trello.Utility.Listeners.onTestSuccess(Listeners.java:21)
at com.Trello.Utility.Listeners.onTestSuccess(Listeners.java:21)
at com.Trello.Utility.Listeners.onTestSuccess(Listeners.java:21)
at com.Trello.Utility.Listeners.onTestSuccess(Listeners.java:21)
at com.Trello.Utility.Listeners.onTestSuccess(Listeners.java:21)
at com.Trello.Utility.Listeners.onTestSuccess(Listeners.java:21)
at com.Trello.Utility.Listeners.onTestSuccess(Listeners.java:21)
at com.Trello.Utility.Listeners.onTestSuccess(Listeners.java:21)
at com.Trello.Utility.Listeners.onTestSuccess(Listeners.java:21)
at com.Trello.Utility.Listeners.onTestSuccess(Listeners.java:21)
at com.Trello.Utility.Listeners.onTestSuccess(Listeners.java:21)
at com.Trello.Utility.Listeners.onTestSuccess(Listeners.java:21)
at com.Trello.Utility.Listeners.onTestSuccess(Listeners.java:21)
at com.Trello.Utility.Listeners.onTestSuccess(Listeners.java:21)
at com.Trello.Utility.Listeners.onTestSuccess(Listeners.java:21)
at com.Trello.Utility.Listeners.onTestSuccess(Listeners.java:21)
at com.Trello.Utility.Listeners.onTestSuccess(Listeners.java:21)
at com.Trello.Utility.Listeners.onTestSuccess(Listeners.java:21)
at com.Trello.Utility.Listeners.onTestSuccess(Listeners.java:21)
at com.Trello.Utility.Listeners.onTestSuccess(Listeners.java:21)
at com.Trello.Utility.Listeners.onTestSuccess(Listeners.java:21)
at com.Trello.Utility.Listeners.onTestSuccess(Listeners.java:21)
at com.Trello.Utility.Listeners.onTestSuccess(Listeners.java:21)
at com.Trello.Utility.Listeners.onTestSuccess(Listeners.java:21)
at com.Trello.Utility.Listeners.onTestSuccess(Listeners.java:21)
at com.Trello.Utility.Listeners.onTestSuccess(Listeners.java:21)
at com.Trello.Utility.Listeners.onTestSuccess(Listeners.java:21)
at com.Trello.Utility.Listeners.onTestSuccess(Listeners.java:21)
at com.Trello.Utility.Listeners.onTestSuccess(Listeners.java:21)
at com.Trello.Utility.Listeners.onTestSuccess(Listeners.java:21)
at com.Trello.Utility.Listeners.onTestSuccess(Listeners.java:21)
at com.Trello.Utility.Listeners.onTestSuccess(Listeners.java:21)
at com.Trello.Utility.Listeners.onTestSuccess(Listeners.java:21)
at com.Trello.Utility.Listeners.onTestSuccess(Listeners.java:21)
at com.Trello.Utility.Listeners.onTestSuccess(Listeners.java:21)
at com.Trello.Utility.Listeners.onTestSuccess(Listeners.java:21)
at com.Trello.Utility.Listeners.onTestSuccess(Listeners.java:21)
at com.Trello.Utility.Listeners.onTestSuccess(Listeners.java:21)
at com.Trello.Utility.Listeners.onTestSuccess(Listeners.java:21)
at com.Trello.Utility.Listeners.onTestSuccess(Listeners.java:21)
at com.Trello.Utility.Listeners.onTestSuccess(Listeners.java:21)
at com.Trello.Utility.Listeners.onTestSuccess(Listeners.java:21)
at com.Trello.Utility.Listeners.onTestSuccess(Listeners.java:21)
at com.Trello.Utility.Listeners.onTestSuccess(Listeners.java:21)
at com.Trello.Utility.Listeners.onTestSuccess(Listeners.java:21)
at com.Trello.Utility.Listeners.onTestSuccess(Listeners.java:21)
at com.Trello.Utility.Listeners.onTestSuccess(Listeners.java:21)
at com.Trello.Utility.Listeners.onTestSuccess(Listeners.java:21)
at com.Trello.Utility.Listeners.onTestSuccess(Listeners.java:21)
at com.Trello.Utility.Listeners.onTestSuccess(Listeners.java:21)
at com.Trello.Utility.Listeners.onTestSuccess(Listeners.java:21)
at com.Trello.Utility.Listeners.onTestSuccess(Listeners.java:21)
at com.Trello.Utility.Listeners.onTestSuccess(Listeners.java:21)
at com.Trello.Utility.Listeners.onTestSuccess(Listeners.java:21)
at com.Trello.Utility.Listeners.onTestSuccess(Listeners.java:21)
at com.Trello.Utility.Listeners.onTestSuccess(Listeners.java:21)
at com.Trello.Utility.Listeners.onTestSuccess(Listeners.java:21)
at com.Trello.Utility.Listeners.onTestSuccess(Listeners.java:21)
at com.Trello.Utility.Listeners.onTestSuccess(Listeners.java:21)
at com.Trello.Utility.Listeners.onTestSuccess(Listeners.java:21)
at com.Trello.Utility.Listeners.onTestSuccess(Listeners.java:21)
at com.Trello.Utility.Listeners.onTestSuccess(Listeners.java:21)
at com.Trello.Utility.Listeners.onTestSuccess(Listeners.java:21)
at com.Trello.Utility.Listeners.onTestSuccess(Listeners.java:21)
at com.Trello.Utility.Listeners.onTestSuccess(Listeners.java:21)
at com.Trello.Utility.Listeners.onTestSuccess(Listeners.java:21)
at com.Trello.Utility.Listeners.onTestSuccess(Listeners.java:21)
at com.Trello.Utility.Listeners.onTestSuccess(Listeners.java:21)
at com.Trello.Utility.Listeners.onTestSuccess(Listeners.java:21)
at com.Trello.Utility.Listeners.onTestSuccess(Listeners.java:21)
at com.Trello.Utility.Listeners.onTestSuccess(Listeners.java:21)
at com.Trello.Utility.Listeners.onTestSuccess(Listeners.java:21)
at com.Trello.Utility.Listeners.onTestSuccess(Listeners.java:21)
at com.Trello.Utility.Listeners.onTestSuccess(Listeners.java:21)
at com.Trello.Utility.Listeners.onTestSuccess(Listeners.java:21)
at com.Trello.Utility.Listeners.onTestSuccess(Listeners.java:21)
at com.Trello.Utility.Listeners.onTestSuccess(Listeners.java:21)
at com.Trello.Utility.Listeners.onTestSuccess(Listeners.java:21)
at com.Trello.Utility.Listeners.onTestSuccess(Listeners.java:21)
at com.Trello.Utility.Listeners.onTestSuccess(Listeners.java:21)
at com.Trello.Utility.Listeners.onTestSuccess(Listeners.java:21)
at com.Trello.Utility.Listeners.onTestSuccess(Listeners.java:21)
at com.Trello.Utility.Listeners.onTestSuccess(Listeners.java:21)
at com.Trello.Utility.Listeners.onTestSuccess(Listeners.java:21)
at com.Trello.Utility.Listeners.onTestSuccess(Listeners.java:21)
at com.Trello.Utility.Listeners.onTestSuccess(Listeners.java:21)
at com.Trello.Utility.Listeners.onTestSuccess(Listeners.java:21)
at com.Trello.Utility.Listeners.onTestSuccess(Listeners.java:21)
at com.Trello.Utility.Listeners.onTestSuccess(Listeners.java:21)
at com.Trello.Utility.Listeners.onTestSuccess(Listeners.java:21)
at com.Trello.Utility.Listeners.onTestSuccess(Listeners.java:21)
at com.Trello.Utility.Listeners.onTestSuccess(Listeners.java:21)
at com.Trello.Utility.Listeners.onTestSuccess(Listeners.java:21)
at com.Trello.Utility.Listeners.onTestSuccess(Listeners.java:21)
at com.Trello.Utility.Listeners.onTestSuccess(Listeners.java:21)
at com.Trello.Utility.Listeners.onTestSuccess(Listeners.java:21)
at com.Trello.Utility.Listeners.onTestSuccess(Listeners.java:21)
at com.Trello.Utility.Listeners.onTestSuccess(Listeners.java:21)
at com.Trello.Utility.Listeners.onTestSuccess(Listeners.java:21)
at com.Trello.Utility.Listeners.onTestSuccess(Listeners.java:21)
at com.Trello.Utility.Listeners.onTestSuccess(Listeners.java:21)
at com.Trello.Utility.Listeners.onTestSuccess(Listeners.java:21)
at com.Trello.Utility.Listeners.onTestSuccess(Listeners.java:21)
at com.Trello.Utility.Listeners.onTestSuccess(Listeners.java:21)
at com.Trello.Utility.Listeners.onTestSuccess(Listeners.java:21)
at com.Trello.Utility.Listeners.onTestSuccess(Listeners.java:21)
at com.Trello.Utility.Listeners.onTestSuccess(Listeners.java:21)
at com.Trello.Utility.Listeners.onTestSuccess(Listeners.java:21)
at com.Trello.Utility.Listeners.onTestSuccess(Listeners.java:21)
at com.Trello.Utility.Listeners.onTestSuccess(Listeners.java:21)
at com.Trello.Utility.Listeners.onTestSuccess(Listeners.java:21)
at com.Trello.Utility.Listeners.onTestSuccess(Listeners.java:21)
at com.Trello.Utility.Listeners.onTestSuccess(Listeners.java:21)
at com.Trello.Utility.Listeners.onTestSuccess(Listeners.java:21)
at com.Trello.Utility.Listeners.onTestSuccess(Listeners.java:21)
at com.Trello.Utility.Listeners.onTestSuccess(Listeners.java:21)
at com.Trello.Utility.Listeners.onTestSuccess(Listeners.java:21)
at com.Trello.Utility.Listeners.onTestSuccess(Listeners.java:21)
at com.Trello.Utility.Listeners.onTestSuccess(Listeners.java:21)
at com.Trello.Utility.Listeners.onTestSuccess(Listeners.java:21)
at com.Trello.Utility.Listeners.onTestSuccess(Listeners.java:21)
at com.Trello.Utility.Listeners.onTestSuccess(Listeners.java:21)
at com.Trello.Utility.Listeners.onTestSuccess(Listeners.java:21)
at com.Trello.Utility.Listeners.onTestSuccess(Listeners.java:21)
at com.Trello.Utility.Listeners.onTestSuccess(Listeners.java:21)
at com.Trello.Utility.Listeners.onTestSuccess(Listeners.java:21)
at com.Trello.Utility.Listeners.onTestSuccess(Listeners.java:21)
at com.Trello.Utility.Listeners.onTestSuccess(Listeners.java:21)
at com.Trello.Utility.Listeners.onTestSuccess(Listeners.java:21)
at com.Trello.Utility.Listeners.onTestSuccess(Listeners.java:21)
at com.Trello.Utility.Listeners.onTestSuccess(Listeners.java:21)
at com.Trello.Utility.Listeners.onTestSuccess(Listeners.java:21)
at com.Trello.Utility.Listeners.onTestSuccess(Listeners.java:21)
at com.Trello.Utility.Listeners.onTestSuccess(Listeners.java:21)
at com.Trello.Utility.Listeners.onTestSuccess(Listeners.java:21)
at com.Trello.Utility.Listeners.onTestSuccess(Listeners.java:21)
at com.Trello.Utility.Listeners.onTestSuccess(Listeners.java:21)
at com.Trello.Utility.Listeners.onTestSuccess(Listeners.java:21)
at com.Trello.Utility.Listeners.onTestSuccess(Listeners.java:21)
at com.Trello.Utility.Listeners.onTestSuccess(Listeners.java:21)
at com.Trello.Utility.Listeners.onTestSuccess(Listeners.java:21)
at com.Trello.Utility.Listeners.onTestSuccess(Listeners.java:21)
at com.Trello.Utility.Listeners.onTestSuccess(Listeners.java:21)
at com.Trello.Utility.Listeners.onTestSuccess(Listeners.java:21)
at com.Trello.Utility.Listeners.onTestSuccess(Listeners.java:21)
at com.Trello.Utility.Listeners.onTestSuccess(Listeners.java:21)
at com.Trello.Utility.Listeners.onTestSuccess(Listeners.java:21)
at com.Trello.Utility.Listeners.onTestSuccess(Listeners.java:21)
at com.Trello.Utility.Listeners.onTestSuccess(Listeners.java:21)
at com.Trello.Utility.Listeners.onTestSuccess(Listeners.java:21)
at com.Trello.Utility.Listeners.onTestSuccess(Listeners.java:21)
at com.Trello.Utility.Listeners.onTestSuccess(Listeners.java:21)
at com.Trello.Utility.Listeners.onTestSuccess(Listeners.java:21)
at com.Trello.Utility.Listeners.onTestSuccess(Listeners.java:21)
at com.Trello.Utility.Listeners.onTestSuccess(Listeners.java:21)
at com.Trello.Utility.Listeners.onTestSuccess(Listeners.java:21)
at com.Trello.Utility.Listeners.onTestSuccess(Listeners.java:21)
at com.Trello.Utility.Listeners.onTestSuccess(Listeners.java:21)
at com.Trello.Utility.Listeners.onTestSuccess(Listeners.java:21)
at com.Trello.Utility.Listeners.onTestSuccess(Listeners.java:21)
at com.Trello.Utility.Listeners.onTestSuccess(Listeners.java:21)
at com.Trello.Utility.Listeners.onTestSuccess(Listeners.java:21)
at com.Trello.Utility.Listeners.onTestSuccess(Listeners.java:21)
at com.Trello.Utility.Listeners.onTestSuccess(Listeners.java:21)
at com.Trello.Utility.Listeners.onTestSuccess(Listeners.java:21)
at com.Trello.Utility.Listeners.onTestSuccess(Listeners.java:21)
at com.Trello.Utility.Listeners.onTestSuccess(Listeners.java:21)
at com.Trello.Utility.Listeners.onTestSuccess(Listeners.java:21)
at com.Trello.Utility.Listeners.onTestSuccess(Listeners.java:21)
at com.Trello.Utility.Listeners.onTestSuccess(Listeners.java:21)
at com.Trello.Utility.Listeners.onTestSuccess(Listeners.java:21)
at com.Trello.Utility.Listeners.onTestSuccess(Listeners.java:21)
at com.Trello.Utility.Listeners.onTestSuccess(Listeners.java:21)
at com.Trello.Utility.Listeners.onTestSuccess(Listeners.java:21)
at com.Trello.Utility.Listeners.onTestSuccess(Listeners.java:21)
at com.Trello.Utility.Listeners.onTestSuccess(Listeners.java:21)
at com.Trello.Utility.Listeners.onTestSuccess(Listeners.java:21)
at com.Trello.Utility.Listeners.onTestSuccess(Listeners.java:21)
at com.Trello.Utility.Listeners.onTestSuccess(Listeners.java:21)
at com.Trello.Utility.Listeners.onTestSuccess(Listeners.java:21)
at com.Trello.Utility.Listeners.onTestSuccess(Listeners.java:21)
at com.Trello.Utility.Listeners.onTestSuccess(Listeners.java:21)
at com.Trello.Utility.Listeners.onTestSuccess(Listeners.java:21)
at com.Trello.Utility.Listeners.onTestSuccess(Listeners.java:21)
at com.Trello.Utility.Listeners.onTestSuccess(Listeners.java:21)
at com.Trello.Utility.Listeners.onTestSuccess(Listeners.java:21)
at com.Trello.Utility.Listeners.onTestSuccess(Listeners.java:21)
at com.Trello.Utility.Listeners.onTestSuccess(Listeners.java:21)
at com.Trello.Utility.Listeners.onTestSuccess(Listeners.java:21)
at com.Trello.Utility.Listeners.onTestSuccess(Listeners.java:21)
at com.Trello.Utility.Listeners.onTestSuccess(Listeners.java:21)
at com.Trello.Utility.Listeners.onTestSuccess(Listeners.java:21)
at com.Trello.Utility.Listeners.onTestSuccess(Listeners.java:21)
at com.Trello.Utility.Listeners.onTestSuccess(Listeners.java:21)
at com.Trello.Utility.Listeners.onTestSuccess(Listeners.java:21)
at com.Trello.Utility.Listeners.onTestSuccess(Listeners.java:21)
at com.Trello.Utility.Listeners.onTestSuccess(Listeners.java:21)
at com.Trello.Utility.Listeners.onTestSuccess(Listeners.java:21)
at com.Trello.Utility.Listeners.onTestSuccess(Listeners.java:21)
at com.Trello.Utility.Listeners.onTestSuccess(Listeners.java:21)
at com.Trello.Utility.Listeners.onTestSuccess(Listeners.java:21)
at com.Trello.Utility.Listeners.onTestSuccess(Listeners.java:21)
at com.Trello.Utility.Listeners.onTestSuccess(Listeners.java:21)
at com.Trello.Utility.Listeners.onTestSuccess(Listeners.java:21)
at com.Trello.Utility.Listeners.onTestSuccess(Listeners.java:21)
at com.Trello.Utility.Listeners.onTestSuccess(Listeners.java:21)
at com.Trello.Utility.Listeners.onTestSuccess(Listeners.java:21)
at com.Trello.Utility.Listeners.onTestSuccess(Listeners.java:21)
at com.Trello.Utility.Listeners.onTestSuccess(Listeners.java:21)
at com.Trello.Utility.Listeners.onTestSuccess(Listeners.java:21)
at com.Trello.Utility.Listeners.onTestSuccess(Listeners.java:21)
at com.Trello.Utility.Listeners.onTestSuccess(Listeners.java:21)
at com.Trello.Utility.Listeners.onTestSuccess(Listeners.java:21)
at com.Trello.Utility.Listeners.onTestSuccess(Listeners.java:21)
at com.Trello.Utility.Listeners.onTestSuccess(Listeners.java:21)
at com.Trello.Utility.Listeners.onTestSuccess(Listeners.java:21)
at com.Trello.Utility.Listeners.onTestSuccess(Listeners.java:21)
at com.Trello.Utility.Listeners.onTestSuccess(Listeners.java:21)
at com.Trello.Utility.Listeners.onTestSuccess(Listeners.java:21)
at com.Trello.Utility.Listeners.onTestSuccess(Listeners.java:21)
at com.Trello.Utility.Listeners.onTestSuccess(Listeners.java:21)
at com.Trello.Utility.Listeners.onTestSuccess(Listeners.java:21)
at com.Trello.Utility.Listeners.onTestSuccess(Listeners.java:21)
at com.Trello.Utility.Listeners.onTestSuccess(Listeners.java:21)
at com.Trello.Utility.Listeners.onTestSuccess(Listeners.java:21)
at com.Trello.Utility.Listeners.onTestSuccess(Listeners.java:21)
at com.Trello.Utility.Listeners.onTestSuccess(Listeners.java:21)
at com.Trello.Utility.Listeners.onTestSuccess(Listeners.java:21)
at com.Trello.Utility.Listeners.onTestSuccess(Listeners.java:21)
at com.Trello.Utility.Listeners.onTestSuccess(Listeners.java:21)
at com.Trello.Utility.Listeners.onTestSuccess(Listeners.java:21)
at com.Trello.Utility.Listeners.onTestSuccess(Listeners.java:21)
at com.Trello.Utility.Listeners.onTestSuccess(Listeners.java:21)
at com.Trello.Utility.Listeners.onTestSuccess(Listeners.java:21)
at com.Trello.Utility.Listeners.onTestSuccess(Listeners.java:21)
at com.Trello.Utility.Listeners.onTestSuccess(Listeners.java:21)
at com.Trello.Utility.Listeners.onTestSuccess(Listeners.java:21)
at com.Trello.Utility.Listeners.onTestSuccess(Listeners.java:21)
at com.Trello.Utility.Listeners.onTestSuccess(Listeners.java:21)
at com.Trello.Utility.Listeners.onTestSuccess(Listeners.java:21)
at com.Trello.Utility.Listeners.onTestSuccess(Listeners.java:21)
at com.Trello.Utility.Listeners.onTestSuccess(Listeners.java:21)
at com.Trello.Utility.Listeners.onTestSuccess(Listeners.java:21)
at com.Trello.Utility.Listeners.onTestSuccess(Listeners.java:21)
at com.Trello.Utility.Listeners.onTestSuccess(Listeners.java:21)
at com.Trello.Utility.Listeners.onTestSuccess(Listeners.java:21)
at com.Trello.Utility.Listeners.onTestSuccess(Listeners.java:21)
at com.Trello.Utility.Listeners.onTestSuccess(Listeners.java:21)
at com.Trello.Utility.Listeners.onTestSuccess(Listeners.java:21)
at com.Trello.Utility.Listeners.onTestSuccess(Listeners.java:21)
at com.Trello.Utility.Listeners.onTestSuccess(Listeners.java:21)
at com.Trello.Utility.Listeners.onTestSuccess(Listeners.java:21)
at com.Trello.Utility.Listeners.onTestSuccess(Listeners.java:21)
at com.Trello.Utility.Listeners.onTestSuccess(Listeners.java:21)
at com.Trello.Utility.Listeners.onTestSuccess(Listeners.java:21)
at com.Trello.Utility.Listeners.onTestSuccess(Listeners.java:21)
at com.Trello.Utility.Listeners.onTestSuccess(Listeners.java:21)
at com.Trello.Utility.Listeners.onTestSuccess(Listeners.java:21)
at com.Trello.Utility.Listeners.onTestSuccess(Listeners.java:21)
at com.Trello.Utility.Listeners.onTestSuccess(Listeners.java:21)
at com.Trello.Utility.Listeners.onTestSuccess(Listeners.java:21)
at com.Trello.Utility.Listeners.onTestSuccess(Listeners.java:21)
at com.Trello.Utility.Listeners.onTestSuccess(Listeners.java:21)
at com.Trello.Utility.Listeners.onTestSuccess(Listeners.java:21)
at com.Trello.Utility.Listeners.onTestSuccess(Listeners.java:21)
at com.Trello.Utility.Listeners.onTestSuccess(Listeners.java:21)
at com.Trello.Utility.Listeners.onTestSuccess(Listeners.java:21)
at com.Trello.Utility.Listeners.onTestSuccess(Listeners.java:21)
at com.Trello.Utility.Listeners.onTestSuccess(Listeners.java:21)
at com.Trello.Utility.Listeners.onTestSuccess(Listeners.java:21)
at com.Trello.Utility.Listeners.onTestSuccess(Listeners.java:21)
at com.Trello.Utility.Listeners.onTestSuccess(Listeners.java:21)
at com.Trello.Utility.Listeners.onTestSuccess(Listeners.java:21)
at com.Trello.Utility.Listeners.onTestSuccess(Listeners.java:21)
at com.Trello.Utility.Listeners.onTestSuccess(Listeners.java:21)
at com.Trello.Utility.Listeners.onTestSuccess(Listeners.java:21)
at com.Trello.Utility.Listeners.onTestSuccess(Listeners.java:21)
at com.Trello.Utility.Listeners.onTestSuccess(Listeners.java:21)
at com.Trello.Utility.Listeners.onTestSuccess(Listeners.java:21)
at com.Trello.Utility.Listeners.onTestSuccess(Listeners.java:21)
at com.Trello.Utility.Listeners.onTestSuccess(Listeners.java:21)
at com.Trello.Utility.Listeners.onTestSuccess(Listeners.java:21)
at com.Trello.Utility.Listeners.onTestSuccess(Listeners.java:21)
at com.Trello.Utility.Listeners.onTestSuccess(Listeners.java:21)
at com.Trello.Utility.Listeners.onTestSuccess(Listeners.java:21)
at com.Trello.Utility.Listeners.onTestSuccess(Listeners.java:21)
at com.Trello.Utility.Listeners.onTestSuccess(Listeners.java:21)
at com.Trello.Utility.Listeners.onTestSuccess(Listeners.java:21)
at com.Trello.Utility.Listeners.onTestSuccess(Listeners.java:21)
at com.Trello.Utility.Listeners.onTestSuccess(Listeners.java:21)
at com.Trello.Utility.Listeners.onTestSuccess(Listeners.java:21)
at com.Trello.Utility.Listeners.onTestSuccess(Listeners.java:21)
at com.Trello.Utility.Listeners.onTestSuccess(Listeners.java:21)
at com.Trello.Utility.Listeners.onTestSuccess(Listeners.java:21)
at com.Trello.Utility.Listeners.onTestSuccess(Listeners.java:21)
at com.Trello.Utility.Listeners.onTestSuccess(Listeners.java:21)
at com.Trello.Utility.Listeners.onTestSuccess(Listeners.java:21)
at com.Trello.Utility.Listeners.onTestSuccess(Listeners.java:21)
at com.Trello.Utility.Listeners.onTestSuccess(Listeners.java:21)
at com.Trello.Utility.Listeners.onTestSuccess(Listeners.java:21)
at com.Trello.Utility.Listeners.onTestSuccess(Listeners.java:21)
at com.Trello.Utility.Listeners.onTestSuccess(Listeners.java:21)
at com.Trello.Utility.Listeners.onTestSuccess(Listeners.java:21)
at com.Trello.Utility.Listeners.onTestSuccess(Listeners.java:21)
at com.Trello.Utility.Listeners.onTestSuccess(Listeners.java:21)
at com.Trello.Utility.Listeners.onTestSuccess(Listeners.java:21)
at com.Trello.Utility.Listeners.onTestSuccess(Listeners.java:21)
at com.Trello.Utility.Listeners.onTestSuccess(Listeners.java:21)
at com.Trello.Utility.Listeners.onTestSuccess(Listeners.java:21)
at com.Trello.Utility.Listeners.onTestSuccess(Listeners.java:21)
at com.Trello.Utility.Listeners.onTestSuccess(Listeners.java:21)
at com.Trello.Utility.Listeners.onTestSuccess(Listeners.java:21)
at com.Trello.Utility.Listeners.onTestSuccess(Listeners.java:21)
at com.Trello.Utility.Listeners.onTestSuccess(Listeners.java:21)
at com.Trello.Utility.Listeners.onTestSuccess(Listeners.java:21)
at com.Trello.Utility.Listeners.onTestSuccess(Listeners.java:21)
at com.Trello.Utility.Listeners.onTestSuccess(Listeners.java:21)
at com.Trello.Utility.Listeners.onTestSuccess(Listeners.java:21)
at com.Trello.Utility.Listeners.onTestSuccess(Listeners.java:21)
at com.Trello.Utility.Listeners.onTestSuccess(Listeners.java:21)
at com.Trello.Utility.Listeners.onTestSuccess(Listeners.java:21)
at com.Trello.Utility.Listeners.onTestSuccess(Listeners.java:21)
at com.Trello.Utility.Listeners.onTestSuccess(Listeners.java:21)
at com.Trello.Utility.Listeners.onTestSuccess(Listeners.java:21)
at com.Trello.Utility.Listeners.onTestSuccess(Listeners.java:21)
at com.Trello.Utility.Listeners.onTestSuccess(Listeners.java:21)
at com.Trello.Utility.Listeners.onTestSuccess(Listeners.java:21)
at com.Trello.Utility.Listeners.onTestSuccess(Listeners.java:21)
at com.Trello.Utility.Listeners.onTestSuccess(Listeners.java:21)
at com.Trello.Utility.Listeners.onTestSuccess(Listeners.java:21)
at com.Trello.Utility.Listeners.onTestSuccess(Listeners.java:21)
at com.Trello.Utility.Listeners.onTestSuccess(Listeners.java:21)
at com.Trello.Utility.Listeners.onTestSuccess(Listeners.java:21)
at com.Trello.Utility.Listeners.onTestSuccess(Listeners.java:21)
at com.Trello.Utility.Listeners.onTestSuccess(Listeners.java:21)
at com.Trello.Utility.Listeners.onTestSuccess(Listeners.java:21)
at com.Trello.Utility.Listeners.onTestSuccess(Listeners.java:21)
at com.Trello.Utility.Listeners.onTestSuccess(Listeners.java:21)
at com.Trello.Utility.Listeners.onTestSuccess(Listeners.java:21)
at com.Trello.Utility.Listeners.onTestSuccess(Listeners.java:21)
at com.Trello.Utility.Listeners.onTestSuccess(Listeners.java:21)
at com.Trello.Utility.Listeners.onTestSuccess(Listeners.java:21)
at com.Trello.Utility.Listeners.onTestSuccess(Listeners.java:21)
at com.Trello.Utility.Listeners.onTestSuccess(Listeners.java:21)
at com.Trello.Utility.Listeners.onTestSuccess(Listeners.java:21)
at com.Trello.Utility.Listeners.onTestSuccess(Listeners.java:21)
at com.Trello.Utility.Listeners.onTestSuccess(Listeners.java:21)
at com.Trello.Utility.Listeners.onTestSuccess(Listeners.java:21)
at com.Trello.Utility.Listeners.onTestSuccess(Listeners.java:21)
at com.Trello.Utility.Listeners.onTestSuccess(Listeners.java:21)
at com.Trello.Utility.Listeners.onTestSuccess(Listeners.java:21)
at com.Trello.Utility.Listeners.onTestSuccess(Listeners.java:21)
at com.Trello.Utility.Listeners.onTestSuccess(Listeners.java:21)
at com.Trello.Utility.Listeners.onTestSuccess(Listeners.java:21)
at com.Trello.Utility.Listeners.onTestSuccess(Listeners.java:21)
at com.Trello.Utility.Listeners.onTestSuccess(Listeners.java:21)
at com.Trello.Utility.Listeners.onTestSuccess(Listeners.java:21)
at com.Trello.Utility.Listeners.onTestSuccess(Listeners.java:21)
at com.Trello.Utility.Listeners.onTestSuccess(Listeners.java:21)
at com.Trello.Utility.Listeners.onTestSuccess(Listeners.java:21)
at com.Trello.Utility.Listeners.onTestSuccess(Listeners.java:21)
at com.Trello.Utility.Listeners.onTestSuccess(Listeners.java:21)
at com.Trello.Utility.Listeners.onTestSuccess(Listeners.java:21)
at com.Trello.Utility.Listeners.onTestSuccess(Listeners.java:21)
at com.Trello.Utility.Listeners.onTestSuccess(Listeners.java:21)
at com.Trello.Utility.Listeners.onTestSuccess(Listeners.java:21)
at com.Trello.Utility.Listeners.onTestSuccess(Listeners.java:21)
at com.Trello.Utility.Listeners.onTestSuccess(Listeners.java:21)
at com.Trello.Utility.Listeners.onTestSuccess(Listeners.java:21)
at com.Trello.Utility.Listeners.onTestSuccess(Listeners.java:21)
at com.Trello.Utility.Listeners.onTestSuccess(Listeners.java:21)
at com.Trello.Utility.Listeners.onTestSuccess(Listeners.java:21)
at com.Trello.Utility.Listeners.onTestSuccess(Listeners.java:21)
at com.Trello.Utility.Listeners.onTestSuccess(Listeners.java:21)
at com.Trello.Utility.Listeners.onTestSuccess(Listeners.java:21)
at com.Trello.Utility.Listeners.onTestSuccess(Listeners.java:21)
at com.Trello.Utility.Listeners.onTestSuccess(Listeners.java:21)
at com.Trello.Utility.Listeners.onTestSuccess(Listeners.java:21)
at com.Trello.Utility.Listeners.onTestSuccess(Listeners.java:21)
at com.Trello.Utility.Listeners.onTestSuccess(Listeners.java:21)
at com.Trello.Utility.Listeners.onTestSuccess(Listeners.java:21)
at com.Trello.Utility.Listeners.onTestSuccess(Listeners.java:21)
at com.Trello.Utility.Listeners.onTestSuccess(Listeners.java:21)
at com.Trello.Utility.Listeners.onTestSuccess(Listeners.java:21)
at com.Trello.Utility.Listeners.onTestSuccess(Listeners.java:21)
at com.Trello.Utility.Listeners.onTestSuccess(Listeners.java:21)
at com.Trello.Utility.Listeners.onTestSuccess(Listeners.java:21)
at com.Trello.Utility.Listeners.onTestSuccess(Listeners.java:21)
at com.Trello.Utility.Listeners.onTestSuccess(Listeners.java:21)
at com.Trello.Utility.Listeners.onTestSuccess(Listeners.java:21)
at com.Trello.Utility.Listeners.onTestSuccess(Listeners.java:21)
at com.Trello.Utility.Listeners.onTestSuccess(Listeners.java:21)
at com.Trello.Utility.Listeners.onTestSuccess(Listeners.java:21)
at com.Trello.Utility.Listeners.onTestSuccess(Listeners.java:21)
at com.Trello.Utility.Listeners.onTestSuccess(Listeners.java:21)
at com.Trello.Utility.Listeners.onTestSuccess(Listeners.java:21)
at com.Trello.Utility.Listeners.onTestSuccess(Listeners.java:21)
at com.Trello.Utility.Listeners.onTestSuccess(Listeners.java:21)
at com.Trello.Utility.Listeners.onTestSuccess(Listeners.java:21)
at com.Trello.Utility.Listeners.onTestSuccess(Listeners.java:21)
at com.Trello.Utility.Listeners.onTestSuccess(Listeners.java:21)
at com.Trello.Utility.Listeners.onTestSuccess(Listeners.java:21)
at com.Trello.Utility.Listeners.onTestSuccess(Listeners.java:21)
at com.Trello.Utility.Listeners.onTestSuccess(Listeners.java:21)
at com.Trello.Utility.Listeners.onTestSuccess(Listeners.java:21)
]]>
    </error>
  </testcase> <!-- loginTest -->
  <system-out/>
</testsuite> <!-- com.Trello.Configurations.SampleTest -->
